2018-10-27 8:57:37 682 |RegisterFront sucess RunThread!
2018-10-27 8:57:37 683 |ReceiveDataThreadProc Run
2018-10-27 8:57:42 683 |ask market:MARKET01@@@+@@@@@&LME,L-ZS3M;LME,SN3M;LME,CA3M;LME,AH3M;LME,L-ZS3M;LME,NI3M;LME,PB3M;SGX,CN1808
2018-10-27 10:53:2 481 |WSARecvFrom error exit thread!:
2018-10-27 10:53:2 490 |WSARecvFrom error exit thread
2018-10-27 10:53:9 42 |ReceiveDataThreadProc Run
2018-10-27 19:3:2 100 |WSARecvFrom error exit thread!:
2018-10-27 19:3:2 247 |WSARecvFrom error exit thread
2018-10-27 19:3:4 903 |ReceiveDataThreadProc Run
2018-10-27 21:14:35 527 |RegisterFront sucess RunThread!
2018-10-27 21:14:35 527 |ReceiveDataThreadProc Run
2018-10-27 21:14:40 527 |ask market:MARKET01@@@+@@@@@&LME,L-ZS3M;LME,SN3M;LME,CA3M;LME,AH3M;LME,L-ZS3M;LME,NI3M;LME,PB3M;SGX,CN1808
2018-10-27 24:27:49 387 |WSARecvFrom error exit thread!:
2018-10-27 24:27:49 390 |WSARecvFrom error exit thread
2018-10-27 24:27:52 813 |ReceiveDataThreadProc Run
2018-10-27 31:45:38 135 |WSARecvFrom error exit thread!:
2018-10-27 31:45:38 172 |WSARecvFrom error exit thread
2018-10-27 31:45:48 967 |ReceiveDataThreadProc Run
2018-10-28 9:38:58 460 |WSARecvFrom error exit thread!:
2018-10-28 9:39:2 628 |WSARecvFrom error exit thread
2018-10-28 9:39:6 132 |ReceiveDataThreadProc Run
